0 info it worked if it ends with ok
1 verbose cli [ '/usr/bin/node', '/usr/bin/npm', 'star', 's' ]
2 info using npm@3.5.2
3 info using node@v8.10.0
4 silly mapToRegistry name s
5 silly mapToRegistry using default registry
6 silly mapToRegistry registry https://registry.npmjs.org/
7 silly mapToRegistry uri https://registry.npmjs.org/s
8 verbose stack Error: Must be logged in to star/unstar packages
8 verbose stack     at CachingRegistryClient.star (/usr/share/npm/node_modules/npm-registry-client/lib/star.js:15:14)
8 verbose stack     at /usr/share/npm/lib/star.js:31:20
8 verbose stack     at mapToRegistry (/usr/share/npm/lib/utils/map-to-registry.js:55:3)
8 verbose stack     at /usr/share/npm/lib/star.js:24:5
8 verbose stack     at /usr/share/npm/node_modules/slide/lib/async-map.js:52:35
8 verbose stack     at Array.forEach (<anonymous>)
8 verbose stack     at /usr/share/npm/node_modules/slide/lib/async-map.js:52:11
8 verbose stack     at Array.forEach (<anonymous>)
8 verbose stack     at asyncMap (/usr/share/npm/node_modules/slide/lib/async-map.js:51:8)
8 verbose stack     at EventEmitter.star (/usr/share/npm/lib/star.js:23:3)
9 verbose cwd /home/podnebesnyy/Рабочий стол/Словарь
10 error Linux 4.15.0-47-generic
11 error argv "/usr/bin/node" "/usr/bin/npm" "star" "s"
12 error node v8.10.0
13 error npm  v3.5.2
14 error code ENEEDAUTH
15 error need auth Must be logged in to star/unstar packages
16 error need auth You need to authorize this machine using `npm adduser`
17 verbose exit [ 1, true ]
